<?xml version="1.0" encoding="UTF-8"?>
<testng-results skipped="0" failed="0" ignored="0" total="1" passed="1">
  <reporter-output>
  </reporter-output>
  <suite name="Default suite" duration-ms="30656" started-at="2020-03-06T00:34:46 EET" finished-at="2020-03-06T00:35:17 EET">
    <groups>
    </groups>
    <test name="Default test" duration-ms="30656" started-at="2020-03-06T00:34:46 EET" finished-at="2020-03-06T00:35:17 EET">
      <class name="Selenium.BrowserCommands.TestBrowserCommands">
        <test-method status="PASS" signature="openURL()[pri:0, instance:Selenium.BrowserCommands.TestBrowserCommands@59e5ddf]" name="openURL" is-config="true" duration-ms="26146" started-at="2020-03-06T00:34:46 EET" finished-at="2020-03-06T00:35:12 EET">
          <reporter-output>
          </reporter-output>
        </test-method> <!-- openURL -->
        <test-method status="PASS" signature="testBrowserCommands()[pri:0, instance:Selenium.BrowserCommands.TestBrowserCommands@59e5ddf]" name="testBrowserCommands" duration-ms="3633" started-at="2020-03-06T00:35:12 EET" finished-at="2020-03-06T00:35:16 EET">
          <reporter-output>
          </reporter-output>
        </test-method> <!-- testBrowserCommands -->
        <test-method status="PASS" signature="close()[pri:0, instance:Selenium.BrowserCommands.TestBrowserCommands@59e5ddf]" name="close" is-config="true" duration-ms="816" started-at="2020-03-06T00:35:16 EET" finished-at="2020-03-06T00:35:17 EET">
          <reporter-output>
          </reporter-output>
        </test-method> <!-- close -->
      </class> <!-- Selenium.BrowserCommands.TestBrowserCommands -->
    </test> <!-- Default test -->
  </suite> <!-- Default suite -->
</testng-results>
